T1F2C 4268:285.320   SEGGER J-Link V7.52a Log File
T1F2C 4268:285.559   DLL Compiled: Jul 28 2021 11:08:12
T1F2C 4268:285.644   Logging started @ 2023-03-09 21:20
T1F2C 4268:285.700 - 271548.936ms
T1F2C 4268:295.247 JLINK_ExecCommand("Device = AT91SAM4S8B", ...). 
T1F2C 4268:296.168   Device "ATSAM4S8B" selected.
T1F2C 4268:296.994 - 1.684ms returns 0x00
T1F2C 4268:335.541 JLINK_TIF_Select(JLINKARM_TIF_SWD)
T1F2C 4268:337.211 - 1.734ms returns 0x00
T1F2C 4268:337.317 JLINK_SetSpeed(4000)
T1F2C 4268:337.838 - 0.575ms
T1F2C 4268:337.929 JLINK_ResetPullsRESET(OFF)
T1F2C 4268:337.976 - 0.069ms
T1F2C 4268:338.027 JLINK_Connect()
T1F2C 4268:339.942   Found SW-DP with ID 0x2BA01477
T1F2C 4268:344.866   DPIDR: 0x2BA01477
T1F2C 4268:345.560   Scanning AP map to find all available APs
T1F2C 4268:346.783   AP[1]: Stopped AP scan as end of AP map has been reached
T1F2C 4268:346.888   AP[0]: AHB-AP (IDR: 0x24770011)
T1F2C 4268:346.965   Iterating through AP map to find AHB-AP to use
T1F2C 4268:348.509   AP[0]: Core found
T1F2C 4268:348.557   AP[0]: AHB-AP ROM base: 0xE00FF000
T1F2C 4268:349.304   CPUID register: 0x410FC241. Implementer code: 0x41 (ARM)
T1F2C 4268:349.351   Found Cortex-M4 r0p1, Little endian.
T1F2C 4268:451.657   -- Max. mem block: 0x000013E0
T1F2C 4268:452.183   CPU_ReadMem(4 bytes @ 0xE000EDF0)
T1F2C 4268:453.030   CPU_WriteMem(4 bytes @ 0xE000EDF0)
T1F2C 4268:454.000   CPU_ReadMem(4 bytes @ 0xE0002000)
T1F2C 4268:455.002   FPUnit: 6 code (BP) slots and 2 literal slots
T1F2C 4268:455.128   CPU_ReadMem(4 bytes @ 0xE000EDFC)
T1F2C 4268:455.860   CPU_WriteMem(4 bytes @ 0xE000EDFC)
T1F2C 4268:456.810   CPU_ReadMem(4 bytes @ 0xE0001000)
T1F2C 4268:457.767   CPU_WriteMem(4 bytes @ 0xE0001000)
T1F2C 4268:458.527   CPU_ReadMem(4 bytes @ 0xE000ED88)
T1F2C 4268:459.235   CPU_WriteMem(4 bytes @ 0xE000ED88)
T1F2C 4268:459.951   CPU_ReadMem(4 bytes @ 0xE000ED88)
T1F2C 4268:460.706   CPU_WriteMem(4 bytes @ 0xE000ED88)
T1F2C 4268:461.398   CoreSight components:
T1F2C 4268:461.456   ROMTbl[0] @ E00FF000
T1F2C 4268:461.474   CPU_ReadMem(64 bytes @ 0xE00FF000)
T1F2C 4268:462.382   CPU_ReadMem(32 bytes @ 0xE000EFE0)
T1F2C 4268:463.134   ROMTbl[0][0]: E000E000, CID: B105E00D, PID: 000BB000 SCS
T1F2C 4268:463.178   CPU_ReadMem(32 bytes @ 0xE0001FE0)
T1F2C 4268:464.143   ROMTbl[0][1]: E0001000, CID: B105E00D, PID: 003BB002 DWT
T1F2C 4268:464.201   CPU_ReadMem(32 bytes @ 0xE0002FE0)
T1F2C 4268:464.876   ROMTbl[0][2]: E0002000, CID: B105E00D, PID: 002BB003 FPB
T1F2C 4268:464.946   CPU_ReadMem(32 bytes @ 0xE0000FE0)
T1F2C 4268:465.669   ROMTbl[0][3]: E0000000, CID: B105E00D, PID: 003BB001 ITM
T1F2C 4268:465.740   CPU_ReadMem(32 bytes @ 0xE0040FE0)
T1F2C 4268:466.623   ROMTbl[0][4]: E0040000, CID: B105900D, PID: 000BB9A1 TPIU
T1F2C 4268:466.691 - 128.670ms returns 0x00
T1F2C 4268:466.854 JLINK_Halt()
T1F2C 4268:470.185 - 3.346ms returns 0x00
T1F2C 4268:470.469 JLINK_BeginDownload(Flags = 0x00000000)
T1F2C 4268:470.494 - 0.067ms
T1F2C 4268:470.574 JLINK_WriteMem(0x400E0A04, 0x4 Bytes, ...)
T1F2C 4268:470.616   Data:  0B 01 00 5A
T1F2C 4268:471.583   CPU_WriteMem(4 bytes @ 0x400E0A04)
T1F2C 4268:472.252 - 1.694ms returns 0x4
T1F2C 4268:472.344 JLINK_EndDownload()
T1F2C 4268:472.364 - 0.027ms returns 0 (0x0)
T1F2C 4268:472.382 JLINK_ReadMemHW(0x400E0A08, 0x0004 Bytes, ...)
T1F2C 4268:472.407   CPU_ReadMem(4 bytes @ 0x400E0A08)
T1F2C 4268:473.162   Data:  01 00 00 00
T1F2C 4268:473.242 - 0.868ms returns 0
T1F2C 4268:473.407 JLINK_SetResetType(JLINKARM_CM3_RESET_TYPE_NORMAL)
T1F2C 4268:473.450 - 0.050ms returns JLINKARM_CM3_RESET_TYPE_NORMAL
T1F2C 4268:473.493 JLINK_Reset()
T1F2C 4268:474.038   CPU_ReadMem(16 bytes @ 0x20000000)
T1F2C 4268:474.862   CPU_WriteMem(16 bytes @ 0x20000000)
T1F2C 4268:475.554   CPU_ReadMem(4 bytes @ 0xE000EDFC)
T1F2C 4268:476.448   CPU_WriteMem(4 bytes @ 0xE000EDFC)
T1F2C 4268:477.399   CPU_ReadMem(4 bytes @ 0xE0001000)
T1F2C 4268:493.974   CPU_WriteMem(4 bytes @ 0xE000EDFC)
T1F2C 4268:494.660   CPU_WriteMem(16 bytes @ 0x20000000)
T1F2C 4268:499.129   CPU_WriteMem(4 bytes @ 0xE0002000)
T1F2C 4268:499.861   CPU_ReadMem(4 bytes @ 0xE000EDFC)
T1F2C 4268:500.586   CPU_ReadMem(4 bytes @ 0xE0001000)
T1F2C 4268:501.232 - 27.750ms
T1F2C 4268:503.223 JLINK_JTAG_GetDeviceID(DeviceIndex = 0)
T1F2C 4268:503.245 - 0.045ms returns 0
T1F2C 4268:503.277 JLINK_ReadMemU32(0x400E0740, 0x1 Items)
T1F2C 4268:503.298   CPU_ReadMem(4 bytes @ 0x400E0740)
T1F2C 4268:503.859   Data:  E0 0A 9C 28
T1F2C 4268:503.887 - 0.616ms returns 1 (0x1)
T1F2C 4268:503.948 JLINK_ReadMemU32(0x400E0744, 0x1 Items)
T1F2C 4268:503.971   CPU_ReadMem(4 bytes @ 0x400E0744)
T1F2C 4268:504.513   Data:  00 00 00 00
T1F2C 4268:504.540 - 0.598ms returns 1 (0x1)
T1F2C 4268:504.650 JLINK_BeginDownload(Flags = 0x00000000)
T1F2C 4268:504.665 - 0.021ms
T1F2C 4268:504.719 JLINK_WriteMem(0x400E0A04, 0x4 Bytes, ...)
T1F2C 4268:504.733   Data:  05 00 00 5A
T1F2C 4268:504.783   CPU_WriteMem(4 bytes @ 0x400E0A04)
T1F2C 4268:505.504 - 0.823ms returns 0x4
T1F2C 4268:505.682 JLINK_EndDownload()
T1F2C 4268:505.698 - 0.022ms returns 0 (0x0)
T1F2C 4268:505.714 JLINK_ReadMemHW(0x400E0A08, 0x0004 Bytes, ...)
T1F2C 4268:505.747   CPU_ReadMem(4 bytes @ 0x400E0A08)
T1F2C 4268:506.318   Data:  00 00 00 00
T1F2C 4268:506.356 - 0.648ms returns 0
T1F2C 4268:508.417 JLINK_ReadMemHW(0x400E0A08, 0x0004 Bytes, ...)
T1F2C 4268:508.450   CPU_ReadMem(4 bytes @ 0x400E0A08)
T1F2C 4268:509.027   Data:  00 00 00 00
T1F2C 4268:509.070 - 0.659ms returns 0
T4E5C 4268:511.401 JLINK_IsHalted()
T4E5C 4268:511.426 - 0.049ms returns TRUE
T4E5C 4268:511.477 JLINK_GetMOEs(...)
T4E5C 4268:511.491   CPU_ReadMem(4 bytes @ 0xE000ED30)
T4E5C 4268:512.229 - 0.768ms returns 0x01
T4E5C 4268:512.261 JLINK_ReadReg(R15 (PC))
T4E5C 4268:512.277 - 0.022ms returns 0x004015DC
T1F2C 4268:514.385 JLINK_ReadMemHW(0x400E0A08, 0x0004 Bytes, ...)
T1F2C 4268:514.439   CPU_ReadMem(4 bytes @ 0x400E0A08)
T1F2C 4268:515.105   Data:  00 00 00 00
T1F2C 4268:515.147 - 0.767ms returns 0
T1F2C 4268:533.412 JLINK_ReadMemHW(0x400E0A08, 0x0004 Bytes, ...)
T1F2C 4268:533.544   CPU_ReadMem(4 bytes @ 0x400E0A08)
T1F2C 4268:534.141   Data:  00 00 00 00
T1F2C 4268:534.218 - 0.846ms returns 0
T1F2C 4268:602.139 JLINK_ReadMemHW(0x400E0A08, 0x0004 Bytes, ...)
T1F2C 4268:602.192   CPU_ReadMem(4 bytes @ 0x400E0A08)
T1F2C 4268:602.670   Data:  00 00 00 00
T1F2C 4268:602.698 - 0.565ms returns 0
T4E5C 4268:712.881 JLINK_IsHalted()
T4E5C 4268:712.920 - 0.047ms returns TRUE
T1F2C 4268:858.551 JLINK_ReadMemHW(0x400E0A08, 0x0004 Bytes, ...)
T1F2C 4268:858.599   CPU_ReadMem(4 bytes @ 0x400E0A08)
T1F2C 4268:859.130   Data:  00 00 00 00
T1F2C 4268:859.154 - 0.608ms returns 0
T4E5C 4268:913.164 JLINK_IsHalted()
T4E5C 4268:913.233 - 0.074ms returns TRUE
T4E5C 4269:113.552 JLINK_IsHalted()
T4E5C 4269:114.336 - 0.810ms returns TRUE
T3AE8 4269:147.565 JLINK_EMU_GetList(InterfaceMask = 0x00000001, MaxInfos = 0x00000032) 
T3AE8 4269:149.841   [0]: USB, S/N: 801041327
T3AE8 4269:149.863 - 2.303ms returns 1
T3AE8 4269:149.963 JLINK_EMU_GetList(InterfaceMask = 0x00000002, MaxInfos = 0x00000032) 
T3AE8 4269:175.485 - 25.578ms returns 0
T4E5C 4269:314.006 JLINK_IsHalted()
T4E5C 4269:314.099 - 0.116ms returns TRUE
T4E5C 4269:516.453 JLINK_IsHalted()
T4E5C 4269:516.503 - 0.072ms returns TRUE
T4E5C 4269:719.875 JLINK_IsHalted()
T4E5C 4269:720.756 - 0.928ms returns TRUE
T1F2C 4269:861.473 JLINK_ReadMemHW(0x400E0A08, 0x0004 Bytes, ...)
T1F2C 4269:861.563   CPU_ReadMem(4 bytes @ 0x400E0A08)
T1F2C 4269:862.237   Data:  00 00 00 00
T1F2C 4269:862.276 - 0.812ms returns 0
T1F2C 4269:862.500 JLINK_ReadMemHW(0x400E0A08, 0x0004 Bytes, ...)
T1F2C 4269:862.540   CPU_ReadMem(4 bytes @ 0x400E0A08)
T1F2C 4269:863.172   Data:  00 00 00 00
T1F2C 4269:863.233 - 0.742ms returns 0
T1F2C 4269:864.439 JLINK_ReadMemHW(0x400E0A08, 0x0004 Bytes, ...)
T1F2C 4269:864.514   CPU_ReadMem(4 bytes @ 0x400E0A08)
T1F2C 4269:865.138   Data:  00 00 00 00
T1F2C 4269:865.181 - 0.751ms returns 0
T1F2C 4269:870.455 JLINK_ReadMemHW(0x400E0A08, 0x0004 Bytes, ...)
T1F2C 4269:870.500   CPU_ReadMem(4 bytes @ 0x400E0A08)
T1F2C 4269:871.149   Data:  00 00 00 00
T1F2C 4269:871.188 - 0.742ms returns 0
T1F2C 4269:888.502 JLINK_ReadMemHW(0x400E0A08, 0x0004 Bytes, ...)
T1F2C 4269:888.584   CPU_ReadMem(4 bytes @ 0x400E0A08)
T1F2C 4269:889.196   Data:  00 00 00 00
T1F2C 4269:889.242 - 0.750ms returns 0
T4E5C 4269:926.336 JLINK_IsHalted()
T4E5C 4269:926.383 - 0.055ms returns TRUE
T1F2C 4269:954.239 JLINK_ReadMemHW(0x400E0A08, 0x0004 Bytes, ...)
T1F2C 4269:954.303   CPU_ReadMem(4 bytes @ 0x400E0A08)
T1F2C 4269:955.006   Data:  00 00 00 00
T1F2C 4269:955.062 - 0.831ms returns 0
T4E5C 4270:126.810 JLINK_IsHalted()
T4E5C 4270:126.853 - 0.051ms returns TRUE
T1F2C 4270:211.598 JLINK_ReadMemHW(0x400E0A08, 0x0004 Bytes, ...)
T1F2C 4270:211.699   CPU_ReadMem(4 bytes @ 0x400E0A08)
T1F2C 4270:212.440   Data:  00 00 00 00
T1F2C 4270:212.494 - 0.903ms returns 0
T3AE8 4270:256.342 JLINK_EMU_GetList(InterfaceMask = 0x00000001, MaxInfos = 0x00000032) 
T3AE8 4270:257.673   [0]: USB, S/N: 801041327
T3AE8 4270:257.697 - 1.361ms returns 1
T3AE8 4270:257.774 JLINK_EMU_GetList(InterfaceMask = 0x00000002, MaxInfos = 0x00000032) 
T3AE8 4270:283.416 - 25.710ms returns 0
T4E5C 4270:331.261 JLINK_IsHalted()
T4E5C 4270:331.991 - 0.769ms returns TRUE
T4E5C 4270:533.722 JLINK_IsHalted()
T4E5C 4270:533.780 - 0.070ms returns TRUE
T4E5C 4270:734.065 JLINK_IsHalted()
T4E5C 4270:734.138 - 0.083ms returns TRUE
T4E5C 4270:936.601 JLINK_IsHalted()
T4E5C 4270:937.215 - 0.647ms returns TRUE
T4E5C 4271:137.149 JLINK_IsHalted()
T4E5C 4271:137.237 - 0.104ms returns TRUE
T1F2C 4271:213.850 JLINK_ReadMemHW(0x400E0A08, 0x0004 Bytes, ...)
T1F2C 4271:213.967   CPU_ReadMem(4 bytes @ 0x400E0A08)
T1F2C 4271:214.756   Data:  00 00 00 00
T1F2C 4271:214.795 - 0.953ms returns 0
T1F2C 4271:214.994 JLINK_ReadMemHW(0x400E0A08, 0x0004 Bytes, ...)
T1F2C 4271:215.027   CPU_ReadMem(4 bytes @ 0x400E0A08)
T1F2C 4271:215.643   Data:  00 00 00 00
T1F2C 4271:215.704 - 0.723ms returns 0
T1F2C 4271:217.899 JLINK_ReadMemHW(0x400E0A08, 0x0004 Bytes, ...)
T1F2C 4271:217.946   CPU_ReadMem(4 bytes @ 0x400E0A08)
T1F2C 4271:218.611   Data:  00 00 00 00
T1F2C 4271:218.652 - 0.761ms returns 0
T1F2C 4271:224.807 JLINK_ReadMemHW(0x400E0A08, 0x0004 Bytes, ...)
T1F2C 4271:224.857   CPU_ReadMem(4 bytes @ 0x400E0A08)
T1F2C 4271:225.484   Data:  00 00 00 00
T1F2C 4271:225.523 - 0.724ms returns 0
T1F2C 4271:243.777 JLINK_ReadMemHW(0x400E0A08, 0x0004 Bytes, ...)
T1F2C 4271:243.824   CPU_ReadMem(4 bytes @ 0x400E0A08)
T1F2C 4271:244.314   Data:  00 00 00 00
T1F2C 4271:244.345 - 0.575ms returns 0
T1F2C 4271:311.560 JLINK_ReadMemHW(0x400E0A08, 0x0004 Bytes, ...)
T1F2C 4271:311.654   CPU_ReadMem(4 bytes @ 0x400E0A08)
T1F2C 4271:312.257   Data:  00 00 00 00
T1F2C 4271:312.307 - 0.758ms returns 0
T4E5C 4271:337.488 JLINK_IsHalted()
T4E5C 4271:337.567 - 0.097ms returns TRUE
T3AE8 4271:423.515 JLINK_EMU_GetList(InterfaceMask = 0x00000001, MaxInfos = 0x00000032) 
T3AE8 4271:425.804   [0]: USB, S/N: 801041327
T3AE8 4271:425.847 - 2.341ms returns 1
T3AE8 4271:426.037 JLINK_EMU_GetList(InterfaceMask = 0x00000002, MaxInfos = 0x00000032) 
T3AE8 4271:453.198 - 27.191ms returns 0
T4E5C 4271:537.993 JLINK_IsHalted()
T4E5C 4271:538.763 - 0.802ms returns TRUE
T1F2C 4271:570.897 JLINK_ReadMemHW(0x400E0A08, 0x0004 Bytes, ...)
T1F2C 4271:570.974   CPU_ReadMem(4 bytes @ 0x400E0A08)
T1F2C 4271:571.602   Data:  00 00 00 00
T1F2C 4271:571.653 - 0.767ms returns 0
T4E5C 4271:738.569 JLINK_IsHalted()
T4E5C 4271:738.662 - 0.122ms returns TRUE
T4E5C 4271:943.939 JLINK_IsHalted()
T4E5C 4271:944.004 - 0.073ms returns TRUE
T4E5C 4272:149.388 JLINK_IsHalted()
T4E5C 4272:149.991 - 0.621ms returns TRUE
T4E5C 4272:354.802 JLINK_IsHalted()
T4E5C 4272:354.858 - 0.069ms returns TRUE
T4E5C 4272:555.265 JLINK_IsHalted()
T4E5C 4272:555.331 - 0.077ms returns TRUE
T1F2C 4272:571.254 JLINK_ReadMemHW(0x400E0A08, 0x0004 Bytes, ...)
T1F2C 4272:571.335   CPU_ReadMem(4 bytes @ 0x400E0A08)
T1F2C 4272:572.022   Data:  00 00 00 00
T1F2C 4272:572.072 - 0.829ms returns 0
T1F2C 4272:572.305 JLINK_ReadMemHW(0x400E0A08, 0x0004 Bytes, ...)
T1F2C 4272:572.364   CPU_ReadMem(4 bytes @ 0x400E0A08)
T1F2C 4272:573.034   Data:  00 00 00 00
T1F2C 4272:573.086 - 0.791ms returns 0
T3AE8 4272:573.257 JLINK_EMU_GetList(InterfaceMask = 0x00000001, MaxInfos = 0x00000032) 
T3AE8 4272:575.881   [0]: USB, S/N: 801041327
T3AE8 4272:575.929 - 2.683ms returns 1
T1F2C 4272:576.022 JLINK_ReadMemHW(0x400E0A08, 0x0004 Bytes, ...)
T1F2C 4272:576.081   CPU_ReadMem(4 bytes @ 0x400E0A08)
T1F2C 4272:576.764   Data:  00 00 00 00
T1F2C 4272:576.815 - 0.804ms returns 0
T3AE8 4272:576.914 JLINK_EMU_GetList(InterfaceMask = 0x00000002, MaxInfos = 0x00000032) 
T3AE8 4272:605.195 - 28.325ms returns 0
T1F2C 4272:605.307 JLINK_ReadMemHW(0x400E0A08, 0x0004 Bytes, ...)
T1F2C 4272:605.407   CPU_ReadMem(4 bytes @ 0x400E0A08)
T1F2C 4272:606.123   Data:  00 00 00 00
T1F2C 4272:606.172 - 0.875ms returns 0
T1F2C 4272:626.093 JLINK_ReadMemHW(0x400E0A08, 0x0004 Bytes, ...)
T1F2C 4272:626.172   CPU_ReadMem(4 bytes @ 0x400E0A08)
T1F2C 4272:626.945   Data:  00 00 00 00
T1F2C 4272:627.031 - 0.947ms returns 0
T1F2C 4272:691.873 JLINK_ReadMemHW(0x400E0A08, 0x0004 Bytes, ...)
T1F2C 4272:691.979   CPU_ReadMem(4 bytes @ 0x400E0A08)
T1F2C 4272:692.617   Data:  00 00 00 00
T1F2C 4272:692.679 - 0.822ms returns 0
T4E5C 4272:757.761 JLINK_IsHalted()
T4E5C 4272:758.535 - 0.805ms returns TRUE
T1F2C 4272:954.156 JLINK_ReadMemHW(0x400E0A08, 0x0004 Bytes, ...)
T1F2C 4272:954.223   CPU_ReadMem(4 bytes @ 0x400E0A08)
T1F2C 4272:954.907   Data:  00 00 00 00
T1F2C 4272:954.947 - 0.799ms returns 0
T4E5C 4272:958.147 JLINK_IsHalted()
T4E5C 4272:958.182 - 0.043ms returns TRUE
T4E5C 4273:158.737 JLINK_IsHalted()
T4E5C 4273:158.826 - 0.103ms returns TRUE
T4E5C 4273:360.111 JLINK_IsHalted()
T4E5C 4273:360.708 - 0.617ms returns TRUE
T4E5C 4273:560.630 JLINK_IsHalted()
T4E5C 4273:560.679 - 0.059ms returns TRUE
T3AE8 4273:694.667 JLINK_EMU_GetList(InterfaceMask = 0x00000001, MaxInfos = 0x00000032) 
T3AE8 4273:696.125   [0]: USB, S/N: 801041327
T3AE8 4273:696.154 - 1.493ms returns 1
T3AE8 4273:696.244 JLINK_EMU_GetList(InterfaceMask = 0x00000002, MaxInfos = 0x00000032) 
T3AE8 4273:721.192 - 24.973ms returns 0
T4E5C 4273:764.071 JLINK_IsHalted()
T4E5C 4273:764.135 - 0.069ms returns TRUE
T1F2C 4273:956.521 JLINK_ReadMemHW(0x400E0A08, 0x0004 Bytes, ...)
T1F2C 4273:956.582   CPU_ReadMem(4 bytes @ 0x400E0A08)
T1F2C 4273:957.059   Data:  01 00 00 00
T1F2C 4273:957.086 - 0.572ms returns 0
T4E5C 4273:970.497 JLINK_IsHalted()
T4E5C 4273:971.072 - 0.590ms returns TRUE
T1F2C 4273:972.411 JLINK_ResetPullsRESET(ON)
T1F2C 4273:972.439 - 0.035ms
T1F2C 4273:972.458 JLINK_ResetNoHalt()
T1F2C 4273:974.128   Found SW-DP with ID 0x2BA01477
T1F2C 4273:978.089   DPIDR: 0x2BA01477
T1F2C 4273:978.136   AP map detection skipped. Manually configured AP map found.
T1F2C 4273:978.170   AP[0]: AHB-AP (IDR: Not set)
T1F2C 4273:979.977   AP[0]: Core found
T1F2C 4273:980.024   AP[0]: AHB-AP ROM base: 0xE00FF000
T1F2C 4273:980.779   CPUID register: 0x410FC241. Implementer code: 0x41 (ARM)
T1F2C 4273:980.842   Found Cortex-M4 r0p1, Little endian.
T1F2C 4274:082.491   -- Max. mem block: 0x000012D8
T1F2C 4274:082.539   CPU_ReadMem(4 bytes @ 0xE000EDF0)
T1F2C 4274:083.053   CPU_ReadMem(4 bytes @ 0xE0002000)
T1F2C 4274:083.674   FPUnit: 6 code (BP) slots and 2 literal slots
T1F2C 4274:083.714   CPU_ReadMem(4 bytes @ 0xE000EDFC)
T1F2C 4274:084.340   CPU_ReadMem(4 bytes @ 0xE0001000)
T1F2C 4274:084.918   CPU_ReadMem(4 bytes @ 0xE000ED88)
T1F2C 4274:085.453   CPU_WriteMem(4 bytes @ 0xE000ED88)
T1F2C 4274:086.052   CPU_ReadMem(4 bytes @ 0xE000ED88)
T1F2C 4274:086.610   CPU_WriteMem(4 bytes @ 0xE000ED88)
T1F2C 4274:087.259   CoreSight components:
T1F2C 4274:087.364   ROMTbl[0] @ E00FF000
T1F2C 4274:087.395   CPU_ReadMem(64 bytes @ 0xE00FF000)
T1F2C 4274:088.421   CPU_ReadMem(32 bytes @ 0xE000EFE0)
T1F2C 4274:089.241   ROMTbl[0][0]: E000E000, CID: B105E00D, PID: 000BB000 SCS
T1F2C 4274:089.280   CPU_WriteMem(4 bytes @ 0xE0001000)
T1F2C 4274:089.949   CPU_ReadMem(32 bytes @ 0xE0001FE0)
T1F2C 4274:090.859   ROMTbl[0][1]: E0001000, CID: B105E00D, PID: 003BB002 DWT
T1F2C 4274:090.899   CPU_ReadMem(32 bytes @ 0xE0002FE0)
T1F2C 4274:091.740   ROMTbl[0][2]: E0002000, CID: B105E00D, PID: 002BB003 FPB
T1F2C 4274:091.780   CPU_ReadMem(32 bytes @ 0xE0000FE0)
T1F2C 4274:092.579   ROMTbl[0][3]: E0000000, CID: B105E00D, PID: 003BB001 ITM
T1F2C 4274:092.618   CPU_ReadMem(32 bytes @ 0xE0040FE0)
T1F2C 4274:093.413   ROMTbl[0][4]: E0040000, CID: B105900D, PID: 000BB9A1 TPIU
T1F2C 4274:093.463   JLINK_Reset()
T1F2C 4274:093.490     CPU_ReadMem(16 bytes @ 0x20000000)
T1F2C 4274:094.169     CPU_WriteMem(16 bytes @ 0x20000000)
T1F2C 4274:094.846     CPU_ReadMem(4 bytes @ 0xE000EDFC)
T1F2C 4274:095.433     CPU_WriteMem(4 bytes @ 0xE000EDFC)
T1F2C 4274:095.997     CPU_ReadMem(4 bytes @ 0xE0001000)
T1F2C 4274:096.588     CPU_WriteMem(4 bytes @ 0xE0001004)
T1F2C 4274:112.485     CPU_WriteMem(4 bytes @ 0xE000EDFC)
T1F2C 4274:113.070     CPU_WriteMem(16 bytes @ 0x20000000)
T1F2C 4274:117.072     CPU_WriteMem(4 bytes @ 0xE0002000)
T1F2C 4274:117.632     CPU_ReadMem(4 bytes @ 0xE000EDFC)
T1F2C 4274:118.186     CPU_ReadMem(4 bytes @ 0xE0001000)
T1F2C 4274:118.762   - 25.319ms
T1F2C 4274:118.798   JLINK_Go()
T1F2C 4274:118.820     CPU_ReadMem(4 bytes @ 0xE0001000)
T1F2C 4274:119.389     CPU_WriteMem(4 bytes @ 0xE0001004)
T1F2C 4274:120.704   - 1.933ms
T1F2C 4274:120.742 - 148.291ms
T1F2C 4274:123.190 JLINK_Close()
T1F2C 4274:144.958 - 21.785ms
T1F2C 4274:144.982   
T1F2C 4274:144.993   Closed
