T52B4 056:210.790   SEGGER J-Link V7.52a Log File
T52B4 056:211.202   DLL Compiled: Jul 28 2021 11:08:12
T52B4 056:211.252   Logging started @ 2023-03-09 23:44
T52B4 056:211.290 - 56211.319ms
T52B4 056:221.938 JLINK_ExecCommand("Device = AT91SAM4S8B", ...). 
T52B4 056:222.702   Device "ATSAM4S8B" selected.
T52B4 056:223.527 - 1.519ms returns 0x00
T52B4 056:333.884 JLINK_TIF_Select(JLINKARM_TIF_SWD)
T52B4 056:335.558 - 1.768ms returns 0x00
T52B4 056:335.772 JLINK_SetSpeed(4000)
T52B4 056:336.227 - 0.565ms
T52B4 056:336.411 JLINK_ResetPullsRESET(OFF)
T52B4 056:336.505 - 0.113ms
T52B4 056:336.567 JLINK_Connect()
T52B4 057:150.506 - 814.021ms returns 0xFFFFFFFF
T52B4 057:151.454 JLINK_ResetPullsRESET(ON)
T52B4 057:151.558 - 1.435ms
T52B4 057:152.909 JLINK_ResetNoHalt()
T52B4 057:436.815 - 283.938ms
T52B4 057:460.311 JLINK_GetHWStatus(...)
T52B4 057:461.645 - 1.354ms returns 0
T52B4 065:584.142 JLINK_Close()
T52B4 065:639.297 - 55.177ms
T52B4 065:639.326   
T52B4 065:639.338   Closed
